# JRE version: OpenJDK Runtime Environment (8.0_76-b03) (build 1.8.0_76-release-b03)
# Java VM: OpenJDK 64-Bit Server VM (25.76-b03 mixed mode windows-amd64 compressed oops)
Heap:
 PSYoungGen      total 445440K, used 180934K [0x00000000e0000000, 0x0000000100000000, 0x0000000100000000)
  eden space 366592K, 49% used [0x00000000e0000000,0x00000000eaf893b0,0x00000000f6600000)
  from space 78848K, 1% used [0x00000000f6600000,0x00000000f67286a8,0x00000000fb300000)
  to   space 78336K, 0% used [0x00000000fb380000,0x00000000fb380000,0x0000000100000000)
 ParOldGen       total 260096K, used 143106K [0x00000000a0000000, 0x00000000afe00000, 0x00000000e0000000)
  object space 260096K, 55% used [0x00000000a0000000,0x00000000a8bc0be0,0x00000000afe00000)
 Metaspace       used 70614K, capacity 73400K, committed 73776K, reserved 1114112K
  class space    used 9026K, capacity 9679K, committed 9776K, reserved 1048576K
GC Heap History (10 events):
Event: 246.742 GC heap before
{Heap before GC invocations=24 (full 4):
 PSYoungGen      total 475648K, used 472945K [0x00000000e0000000, 0x0000000100000000, 0x0000000100000000)
  eden space 450048K, 100% used [0x00000000e0000000,0x00000000fb780000,0x00000000fb780000)
  from space 25600K, 89% used [0x00000000fb780000,0x00000000fcddc498,0x00000000fd080000)
  to   space 39936K, 0% used [0x00000000fd900000,0x00000000fd900000,0x0000000100000000)
 ParOldGen       total 165376K, used 83627K [0x00000000a0000000, 0x00000000aa180000, 0x00000000e0000000)
  object space 165376K, 50% used [0x00000000a0000000,0x00000000a51aafa8,0x00000000aa180000)
 Metaspace       used 70280K, capacity 72976K, committed 73136K, reserved 1112064K
  class space    used 8992K, capacity 9605K, committed 9648K, reserved 1048576K
Event: 246.898 GC heap after
Heap after GC invocations=24 (full 4):
 PSYoungGen      total 477184K, used 31376K [0x00000000e0000000, 0x0000000100000000, 0x0000000100000000)
  eden space 437248K, 0% used [0x00000000e0000000,0x00000000e0000000,0x00000000fab00000)
  from space 39936K, 78% used [0x00000000fd900000,0x00000000ff7a41e0,0x0000000100000000)
  to   space 43520K, 0% used [0x00000000fab00000,0x00000000fab00000,0x00000000fd580000)
 ParOldGen       total 165376K, used 95500K [0x00000000a0000000, 0x00000000aa180000, 0x00000000e0000000)
  object space 165376K, 57% used [0x00000000a0000000,0x00000000a5d43120,0x00000000aa180000)
 Metaspace       used 70280K, capacity 72976K, committed 73136K, reserved 1112064K
  class space    used 8992K, capacity 9605K, committed 9648K, reserved 1048576K
}
Event: 248.749 GC heap before
{Heap before GC invocations=25 (full 4):
 PSYoungGen      total 477184K, used 468624K [0x00000000e0000000, 0x0000000100000000, 0x0000000100000000)
  eden space 437248K, 100% used [0x00000000e0000000,0x00000000fab00000,0x00000000fab00000)
  from space 39936K, 78% used [0x00000000fd900000,0x00000000ff7a41e0,0x0000000100000000)
  to   space 43520K, 0% used [0x00000000fab00000,0x00000000fab00000,0x00000000fd580000)
 ParOldGen       total 165376K, used 95500K [0x00000000a0000000, 0x00000000aa180000, 0x00000000e0000000)
  object space 165376K, 57% used [0x00000000a0000000,0x00000000a5d43120,0x00000000aa180000)
 Metaspace       used 70309K, capacity 73040K, committed 73136K, reserved 1112064K
  class space    used 8992K, capacity 9605K, committed 9648K, reserved 1048576K
Event: 248.946 GC heap after
Heap after GC invocations=25 (full 4):
 PSYoungGen      total 480768K, used 43507K [0x00000000e0000000, 0x0000000100000000, 0x0000000100000000)
  eden space 437248K, 0% used [0x00000000e0000000,0x00000000e0000000,0x00000000fab00000)
  from space 43520K, 99% used [0x00000000fab00000,0x00000000fd57cf98,0x00000000fd580000)
  to   space 43520K, 0% used [0x00000000fd580000,0x00000000fd580000,0x0000000100000000)
 ParOldGen       total 165376K, used 125375K [0x00000000a0000000, 0x00000000aa180000, 0x00000000e0000000)
  object space 165376K, 75% used [0x00000000a0000000,0x00000000a7a6fd40,0x00000000aa180000)
 Metaspace       used 70309K, capacity 73040K, committed 73136K, reserved 1112064K
  class space    used 8992K, capacity 9605K, committed 9648K, reserved 1048576K
}
Event: 251.056 GC heap before
{Heap before GC invocations=26 (full 4):
 PSYoungGen      total 480768K, used 480755K [0x00000000e0000000, 0x0000000100000000, 0x0000000100000000)
  eden space 437248K, 100% used [0x00000000e0000000,0x00000000fab00000,0x00000000fab00000)
  from space 43520K, 99% used [0x00000000fab00000,0x00000000fd57cf98,0x00000000fd580000)
  to   space 43520K, 0% used [0x00000000fd580000,0x00000000fd580000,0x0000000100000000)
 ParOldGen       total 165376K, used 125378K [0x00000000a0000000, 0x00000000aa180000, 0x00000000e0000000)
  object space 165376K, 75% used [0x00000000a0000000,0x00000000a7a70a08,0x00000000aa180000)
 Metaspace       used 70328K, capacity 73040K, committed 73136K, reserved 1112064K
  class space    used 8993K, capacity 9605K, committed 9648K, reserved 1048576K
Event: 251.270 GC heap after
Heap after GC invocations=26 (full 4):
 PSYoungGen      total 410112K, used 43518K [0x00000000e0000000, 0x0000000100000000, 0x0000000100000000)
  eden space 366592K, 0% used [0x00000000e0000000,0x00000000e0000000,0x00000000f6600000)
  from space 43520K, 99% used [0x00000000fd580000,0x00000000fffffa60,0x0000000100000000)
  to   space 78848K, 0% used [0x00000000f6600000,0x00000000f6600000,0x00000000fb300000)
 ParOldGen       total 165376K, used 160351K [0x00000000a0000000, 0x00000000aa180000, 0x00000000e0000000)
  object space 165376K, 96% used [0x00000000a0000000,0x00000000a9c97e88,0x00000000aa180000)
 Metaspace       used 70328K, capacity 73040K, committed 73136K, reserved 1112064K
  class space    used 8993K, capacity 9605K, committed 9648K, reserved 1048576K
}
Event: 251.270 GC heap before
{Heap before GC invocations=27 (full 5):
 PSYoungGen      total 410112K, used 43518K [0x00000000e0000000, 0x0000000100000000, 0x0000000100000000)
  eden space 366592K, 0% used [0x00000000e0000000,0x00000000e0000000,0x00000000f6600000)
  from space 43520K, 99% used [0x00000000fd580000,0x00000000fffffa60,0x0000000100000000)
  to   space 78848K, 0% used [0x00000000f6600000,0x00000000f6600000,0x00000000fb300000)
 ParOldGen       total 165376K, used 160351K [0x00000000a0000000, 0x00000000aa180000, 0x00000000e0000000)
  object space 165376K, 96% used [0x00000000a0000000,0x00000000a9c97e88,0x00000000aa180000)
 Metaspace       used 70328K, capacity 73040K, committed 73136K, reserved 1112064K
  class space    used 8993K, capacity 9605K, committed 9648K, reserved 1048576K
Event: 252.588 GC heap after
Heap after GC invocations=27 (full 5):
 PSYoungGen      total 410112K, used 0K [0x00000000e0000000, 0x0000000100000000, 0x0000000100000000)
  eden space 366592K, 0% used [0x00000000e0000000,0x00000000e0000000,0x00000000f6600000)
  from space 43520K, 0% used [0x00000000fd580000,0x00000000fd580000,0x0000000100000000)
  to   space 78848K, 0% used [0x00000000f6600000,0x00000000f6600000,0x00000000fb300000)
 ParOldGen       total 260096K, used 143106K [0x00000000a0000000, 0x00000000afe00000, 0x00000000e0000000)
  object space 260096K, 55% used [0x00000000a0000000,0x00000000a8bc0be0,0x00000000afe00000)
 Metaspace       used 70328K, capacity 73040K, committed 73136K, reserved 1112064K
  class space    used 8993K, capacity 9605K, committed 9648K, reserved 1048576K
}
Event: 252.613 GC heap before
{Heap before GC invocations=28 (full 5):
 PSYoungGen      total 410112K, used 6624K [0x00000000e0000000, 0x0000000100000000, 0x0000000100000000)
  eden space 366592K, 1% used [0x00000000e0000000,0x00000000e06782e0,0x00000000f6600000)
  from space 43520K, 0% used [0x00000000fd580000,0x00000000fd580000,0x0000000100000000)
  to   space 78848K, 0% used [0x00000000f6600000,0x00000000f6600000,0x00000000fb300000)
 ParOldGen       total 260096K, used 143106K [0x00000000a0000000, 0x00000000afe00000, 0x00000000e0000000)
  object space 260096K, 55% used [0x00000000a0000000,0x00000000a8bc0be0,0x00000000afe00000)
 Metaspace       used 70328K, capacity 73040K, committed 73136K, reserved 1112064K
  class space    used 8993K, capacity 9605K, committed 9648K, reserved 1048576K
Event: 252.620 GC heap after
Heap after GC invocations=28 (full 5):
 PSYoungGen      total 445440K, used 1185K [0x00000000e0000000, 0x0000000100000000, 0x0000000100000000)
  eden space 366592K, 0% used [0x00000000e0000000,0x00000000e0000000,0x00000000f6600000)
  from space 78848K, 1% used [0x00000000f6600000,0x00000000f67286a8,0x00000000fb300000)
  to   space 78336K, 0% used [0x00000000fb380000,0x00000000fb380000,0x0000000100000000)
 ParOldGen       total 260096K, used 143106K [0x00000000a0000000, 0x00000000afe00000, 0x00000000e0000000)
  object space 260096K, 55% used [0x00000000a0000000,0x00000000a8bc0be0,0x00000000afe00000)
 Metaspace       used 70328K, capacity 73040K, committed 73136K, reserved 1112064K
  class space    used 8993K, capacity 9605K, committed 9648K, reserved 1048576K
}

